[2026-04-26 22:59:07] [EncodeChannel] Позиция до записи: 54, длина канала: 2764800
[2026-04-26 22:59:07] [EncodeChannel] Записано: 4 + 1944704 байт, новая позиция: 1944762
[2026-04-26 22:59:07] [EncodeChannel] Позиция до записи: 1944762, длина канала: 2764800
[2026-04-26 22:59:07] [EncodeChannel] Записано: 4 + 1901957 байт, новая позиция: 3846723
[2026-04-26 22:59:07] [EncodeChannel] Позиция до записи: 3846723, длина канала: 2764800
[2026-04-26 22:59:07] [EncodeChannel] Записано: 4 + 1891243 байт, новая позиция: 5737970
[2026-04-26 23:04:05] Декодируем файл: D:\Download\Encoded\мышки_optimized.bmpc
[2026-04-26 23:07:17] Декодируем файл: D:\Download\Encoded\мышки_optimized.bmpc
[2026-04-26 23:07:17] [LoadHeaders] Начальная позиция: 0
[2026-04-26 23:07:17] [LoadHeaders] Прочитано: 54 байт, новая позиция: 54
[2026-04-26 23:13:58] Validate - Заголовок[0] = 0xFF
[2026-04-26 23:13:58] Validate - Заголовок[1] = 0xFF
[2026-04-26 23:13:58] Validate - Заголовок[2] = 0xFF
[2026-04-26 23:13:58] Validate - Заголовок[3] = 0xFF
[2026-04-26 23:13:58] Validate - Заголовок[4] = 0xFF
[2026-04-26 23:13:58] Validate - Заголовок[5] = 0xFF
[2026-04-26 23:13:58] Validate - Заголовок[6] = 0xFF
[2026-04-26 23:13:58] Validate - Заголовок[7] = 0xFF
[2026-04-26 23:13:58] Ошибка ValidateStegoImage: Неверная сигнатура заголовка
[2026-04-26 23:14:10] Декодируем файл: D:\Download\Encoded\мышки_optimized.bmpc
[2026-04-26 23:14:10] [LoadHeaders] Начальная позиция: 0
[2026-04-26 23:14:10] [LoadHeaders] Прочитано: 54 байт, новая позиция: 54
[2026-04-26 23:19:17] Декодируем файл: D:\Download\Encoded\мышки_optimized.bmpc
[2026-04-26 23:19:17] [LoadHeaders] Начальная позиция: 0
[2026-04-26 23:19:17] [LoadHeaders] Прочитано: 54 байт, новая позиция: 54
[2026-04-28 10:50:01] Validate - Заголовок[0] = 0xFF
[2026-04-28 10:50:01] Validate - Заголовок[1] = 0xFF
[2026-04-28 10:50:01] Validate - Заголовок[2] = 0xFF
[2026-04-28 10:50:01] Validate - Заголовок[3] = 0xFF
[2026-04-28 10:50:01] Validate - Заголовок[4] = 0xFF
[2026-04-28 10:50:01] Validate - Заголовок[5] = 0xFF
[2026-04-28 10:50:01] Validate - Заголовок[6] = 0xFF
[2026-04-28 10:50:01] Validate - Заголовок[7] = 0xFF
[2026-04-28 10:50:01] Ошибка ValidateStegoImage: Неверная сигнатура заголовка
[2026-04-28 10:55:29] Декодируем файл: D:\Download\Encoded\мышки_optimized.bmpc
[2026-04-28 10:55:29] [LoadHeaders] Начальная позиция: 0
[2026-04-28 10:55:29] [LoadHeaders] Прочитано: 54 байт, новая позиция: 54
[2026-04-28 10:57:56] Декодируем файл: D:\Download\Encoded\домик_optimized.bmpc
[2026-04-28 10:57:56] [LoadHeaders] Начальная позиция: 0
[2026-04-28 10:57:56] [LoadHeaders] Прочитано: 54 байт, новая позиция: 54
[2026-04-28 10:58:15] Validate - Заголовок[0] = 0x00
[2026-04-28 10:58:15] Validate - Заголовок[1] = 0x00
[2026-04-28 10:58:15] Validate - Заголовок[2] = 0x00
[2026-04-28 10:58:15] Validate - Заголовок[3] = 0x00
[2026-04-28 10:58:15] Validate - Заголовок[4] = 0x00
[2026-04-28 10:58:15] Validate - Заголовок[5] = 0x10
[2026-04-28 10:58:15] Validate - Заголовок[6] = 0x1E
[2026-04-28 10:58:15] Validate - Заголовок[7] = 0x18
[2026-04-28 10:58:15] Ошибка ValidateStegoImage: Неверная сигнатура заголовка
[2026-04-28 10:58:16] Декодируем файл: D:\Download\Encoded\домик_optimized.bmpc
[2026-04-28 10:58:16] [LoadHeaders] Начальная позиция: 0
[2026-04-28 10:58:16] [LoadHeaders] Прочитано: 54 байт, новая позиция: 54
[2026-04-28 10:58:20] Validate - Заголовок[0] = 0x00
[2026-04-28 10:58:20] Validate - Заголовок[1] = 0x00
[2026-04-28 10:58:20] Validate - Заголовок[2] = 0x00
[2026-04-28 10:58:20] Validate - Заголовок[3] = 0x00
[2026-04-28 10:58:20] Validate - Заголовок[4] = 0x00
[2026-04-28 10:58:20] Validate - Заголовок[5] = 0x10
[2026-04-28 10:58:20] Validate - Заголовок[6] = 0x1E
[2026-04-28 10:58:20] Validate - Заголовок[7] = 0x18
[2026-04-28 10:58:20] Ошибка ValidateStegoImage: Неверная сигнатура заголовка
[2026-04-28 10:58:47] Декодируем файл: D:\Download\Encoded\tricolor_optimized.bmpc
[2026-04-28 10:58:47] [LoadHeaders] Начальная позиция: 0
[2026-04-28 10:58:47] [LoadHeaders] Прочитано: 54 байт, новая позиция: 54
